2020-02-05 01:41:50 INFO WEBSOCKET SERVER START
2020-02-05 01:41:51 INFO (307421f7c284dcef141ecbd60c6ef2dc) CLIENT CONNECTED
2020-02-05 01:41:51 INFO (307421f7c284dcef141ecbd60c6ef2dc) REQUEST FROM CLIENT (22): {"operation":"getUid"}
2020-02-05 01:41:51 INFO (307421f7c284dcef141ecbd60c6ef2dc) MESSAGE TO CLIENT: {"operation":"uid","uid":"307421f7c284dcef141ecbd60c6ef2dc"}
2020-02-05 01:41:52 INFO (b19aedef560a81d4010a2168191f1ca4) CLIENT CONNECTED
2020-02-05 01:41:59 INFO (307421f7c284dcef141ecbd60c6ef2dc) REQUEST FROM CLIENT (40): {"operation":"login","token":"password"}
2020-02-05 01:41:59 INFO (307421f7c284dcef141ecbd60c6ef2dc) Operator accepted
2020-02-05 01:43:01 INFO (307421f7c284dcef141ecbd60c6ef2dc) REQUEST FROM CLIENT (22): {"operation":"logout"}
2020-02-05 01:43:01 INFO (307421f7c284dcef141ecbd60c6ef2dc) Operator logout
2020-02-05 01:43:07 INFO (307421f7c284dcef141ecbd60c6ef2dc) REQUEST FROM CLIENT (22): {"operation":"getUid"}
2020-02-05 01:43:07 INFO (307421f7c284dcef141ecbd60c6ef2dc) MESSAGE TO CLIENT: {"operation":"uid","uid":"307421f7c284dcef141ecbd60c6ef2dc"}
2020-02-05 01:43:12 INFO (307421f7c284dcef141ecbd60c6ef2dc) REQUEST FROM CLIENT (26): {"operation":"getClients"}
2020-02-05 01:43:12 INFO (307421f7c284dcef141ecbd60c6ef2dc) MESSAGE TO CLIENT: {"operation":"accessDenied","forbidden":"getClients"}
2020-02-05 01:43:16 INFO (307421f7c284dcef141ecbd60c6ef2dc) REQUEST FROM CLIENT (40): {"operation":"login","token":"password"}
2020-02-05 01:43:16 INFO (307421f7c284dcef141ecbd60c6ef2dc) Operator accepted
2020-02-05 01:43:20 INFO (307421f7c284dcef141ecbd60c6ef2dc) REQUEST FROM CLIENT (26): {"operation":"getClients"}
2020-02-05 01:43:20 INFO (307421f7c284dcef141ecbd60c6ef2dc) MESSAGE TO CLIENT: {"operation":"clients","clients":["b19aedef560a81d4010a2168191f1ca4"]}
2020-02-05 01:43:35 INFO (b19aedef560a81d4010a2168191f1ca4) CLIENT DISCONNECTED: CLIENT_CLOSE_CONNECTION
2020-02-05 01:43:35 INFO (970ff5ac955a3553c98890d3d50f6428) CLIENT CONNECTED
2020-02-05 01:44:54 INFO WEBSOCKET SERVER START
2020-02-05 01:44:55 INFO (04c1ca8bd08ee66ca0c574cd2af017d5) CLIENT CONNECTED
2020-02-05 01:44:55 INFO (5ebc75686d12a9c592b27ac1a9c6f17e) CLIENT CONNECTED
2020-02-05 01:44:55 INFO (5ebc75686d12a9c592b27ac1a9c6f17e) REQUEST FROM CLIENT (22): {"operation":"getUid"}
2020-02-05 01:44:55 INFO (5ebc75686d12a9c592b27ac1a9c6f17e) MESSAGE TO CLIENT: {"operation":"uid","uid":"5ebc75686d12a9c592b27ac1a9c6f17e"}
2020-02-05 01:45:04 INFO (5ebc75686d12a9c592b27ac1a9c6f17e) REQUEST FROM CLIENT (40): {"operation":"login","token":"password"}
2020-02-05 01:45:04 INFO (5ebc75686d12a9c592b27ac1a9c6f17e) Operator accepted
2020-02-05 01:45:10 INFO (04c1ca8bd08ee66ca0c574cd2af017d5) CLIENT DISCONNECTED: CLIENT_CLOSE_CONNECTION
2020-02-05 01:45:10 INFO (cec5189ad56ee4829a5ff5de5a1a5555) CLIENT CONNECTED
2020-02-05 01:45:11 INFO (cec5189ad56ee4829a5ff5de5a1a5555) CLIENT DISCONNECTED: CLIENT_CLOSE_CONNECTION
2020-02-05 01:45:11 INFO (81defc4ee04490a70962116690ab5b36) CLIENT CONNECTED
2020-02-05 01:45:14 INFO (81defc4ee04490a70962116690ab5b36) REQUEST FROM CLIENT (54): {"operation":"sendMessageToOperator","message":"aaaa"}
2020-02-05 01:45:14 INFO (81defc4ee04490a70962116690ab5b36) Client Send Message To Operator 5ebc75686d12a9c592b27ac1a9c6f17e: aaaa
2020-02-05 01:45:14 INFO (5ebc75686d12a9c592b27ac1a9c6f17e) MESSAGE TO CLIENT: {"operation":"messageFromClient","from":"81defc4ee04490a70962116690ab5b36","mesage":"aaaa"}
2020-02-05 01:45:37 INFO (81defc4ee04490a70962116690ab5b36) REQUEST FROM CLIENT (54): {"operation":"sendMessageToOperator","message":"aaaa"}
2020-02-05 01:45:37 INFO (81defc4ee04490a70962116690ab5b36) Client Send Message To Operator 5ebc75686d12a9c592b27ac1a9c6f17e: aaaa
2020-02-05 01:45:37 INFO (5ebc75686d12a9c592b27ac1a9c6f17e) MESSAGE TO CLIENT: {"operation":"messageFromClient","from":"81defc4ee04490a70962116690ab5b36","mesage":"aaaa"}
